[debug] [2023-04-09T20:14:36.836Z] ----------------------------------------------------------------------
[debug] [2023-04-09T20:14:36.836Z] Command:       /opt/homebrew/Cellar/node/18.9.1/bin/node /opt/homebrew/bin/firebase emulators:start --only functions
[debug] [2023-04-09T20:14:36.837Z] CLI Version:   11.25.3
[debug] [2023-04-09T20:14:36.837Z] Platform:      darwin
[debug] [2023-04-09T20:14:36.837Z] Node Version:  v18.9.1
[debug] [2023-04-09T20:14:36.837Z] Time:          Sun Apr 09 2023 16:14:36 GMT-0400 (Eastern Daylight Time)
[debug] [2023-04-09T20:14:36.837Z] ----------------------------------------------------------------------
[debug] 
[debug] [2023-04-09T20:14:36.872Z] > command requires scopes: ["email","openid","https://www.googleapis.com/auth/cloudplatformprojects.readonly","https://www.googleapis.com/auth/firebase","https://www.googleapis.com/auth/cloud-platform"]
[debug] [2023-04-09T20:14:36.873Z] > authorizing via signed-in user (mathersnepal@gmail.com)
[info] i  emulators: Starting emulators: functions {"metadata":{"emulator":{"name":"hub"},"message":"Starting emulators: functions"}}
[debug] [2023-04-09T20:14:37.057Z] [logging] Logging Emulator only supports listening on one address (127.0.0.1). Not listening on ::1
[debug] [2023-04-09T20:14:37.058Z] assigned listening specs for emulators {"user":{"hub":[{"address":"127.0.0.1","family":"IPv4","port":4400},{"address":"::1","family":"IPv6","port":4400}],"ui":[{"address":"127.0.0.1","family":"IPv4","port":4000},{"address":"::1","family":"IPv6","port":4000}],"logging":[{"address":"127.0.0.1","family":"IPv4","port":4500}]},"metadata":{"message":"assigned listening specs for emulators"}}
[debug] [2023-04-09T20:14:37.060Z] [hub] writing locator at /var/folders/8x/px8ywh3s19n7q6y1_9nqh_9w0000gn/T/hub-eat-bfbed.json
[debug] [2023-04-09T20:14:37.181Z] [functions] Functions Emulator only supports listening on one address (127.0.0.1). Not listening on ::1
[debug] [2023-04-09T20:14:37.181Z] [eventarc] Eventarc Emulator only supports listening on one address (127.0.0.1). Not listening on ::1
[debug] [2023-04-09T20:14:37.181Z] late-assigned ports for functions and eventarc emulators {"user":{"hub":[{"address":"127.0.0.1","family":"IPv4","port":4400},{"address":"::1","family":"IPv6","port":4400}],"ui":[{"address":"127.0.0.1","family":"IPv4","port":4000},{"address":"::1","family":"IPv6","port":4000}],"logging":[{"address":"127.0.0.1","family":"IPv4","port":4500}],"functions":[{"address":"127.0.0.1","family":"IPv4","port":5001}],"eventarc":[{"address":"127.0.0.1","family":"IPv4","port":9299}]},"metadata":{"message":"late-assigned ports for functions and eventarc emulators"}}
[warn] ⚠  functions: The following emulators are not running, calls to these services from the Functions emulator will affect production: auth, firestore, database, hosting, pubsub, storage {"metadata":{"emulator":{"name":"functions"},"message":"The following emulators are not running, calls to these services from the Functions emulator will affect production: \u001b[1mauth, firestore, database, hosting, pubsub, storage\u001b[22m"}}
[debug] [2023-04-09T20:14:37.182Z] defaultcredentials: writing to file /Users/https.lozarp/.config/firebase/mathersnepal_gmail_com_application_default_credentials.json
[debug] [2023-04-09T20:14:37.186Z] Setting GAC to /Users/https.lozarp/.config/firebase/mathersnepal_gmail_com_application_default_credentials.json {"metadata":{"emulator":{"name":"functions"},"message":"Setting GAC to /Users/https.lozarp/.config/firebase/mathersnepal_gmail_com_application_default_credentials.json"}}
[debug] [2023-04-09T20:14:37.187Z] >>> [apiv2][query] GET https://firebase.googleapis.com/v1beta1/projects/eat-bfbed/adminSdkConfig [none]
[debug] [2023-04-09T20:14:37.485Z] <<< [apiv2][status] GET https://firebase.googleapis.com/v1beta1/projects/eat-bfbed/adminSdkConfig 200
[debug] [2023-04-09T20:14:37.485Z] <<< [apiv2][body] GET https://firebase.googleapis.com/v1beta1/projects/eat-bfbed/adminSdkConfig {"projectId":"eat-bfbed","storageBucket":"eat-bfbed.appspot.com"}
[debug] [2023-04-09T20:14:37.516Z] Ignoring unsupported arg: auto_download {"metadata":{"emulator":{"name":"ui"},"message":"Ignoring unsupported arg: auto_download"}}
[debug] [2023-04-09T20:14:37.517Z] Ignoring unsupported arg: port {"metadata":{"emulator":{"name":"ui"},"message":"Ignoring unsupported arg: port"}}
[debug] [2023-04-09T20:14:37.517Z] Starting Emulator UI with command {"binary":"node","args":["/Users/https.lozarp/.cache/firebase/emulators/ui-v1.11.5/server/server.js"],"optionalArgs":[],"joinArgs":false} {"metadata":{"emulator":{"name":"ui"},"message":"Starting Emulator UI with command {\"binary\":\"node\",\"args\":[\"/Users/https.lozarp/.cache/firebase/emulators/ui-v1.11.5/server/server.js\"],\"optionalArgs\":[],\"joinArgs\":false}"}}
[info] i  ui: Emulator UI logging to ui-debug.log {"metadata":{"emulator":{"name":"ui"},"message":"Emulator UI logging to \u001b[1mui-debug.log\u001b[22m"}}
[debug] [2023-04-09T20:14:37.608Z] Web / API server started at 127.0.0.1:4000
 {"metadata":{"emulator":{"name":"ui"},"message":"Web / API server started at 127.0.0.1:4000\n"}}
[debug] [2023-04-09T20:14:37.608Z] Web / API server started at ::1:4000
 {"metadata":{"emulator":{"name":"ui"},"message":"Web / API server started at ::1:4000\n"}}
[info] i  functions: Watching "/Users/https.lozarp/Desktop/Mobile Application Development /2Eat/functions" for Cloud Functions... {"metadata":{"emulator":{"name":"functions"},"message":"Watching \"/Users/https.lozarp/Desktop/Mobile Application Development /2Eat/functions\" for Cloud Functions..."}}
[debug] [2023-04-09T20:14:37.780Z] Validating nodejs source
[debug] [2023-04-09T20:14:38.170Z] > [functions] package.json contents: {
  "name": "functions",
  "description": "Cloud Functions for Firebase",
  "scripts": {
    "serve": "firebase emulators:start --only functions",
    "shell": "firebase functions:shell",
    "start": "npm run shell",
    "deploy": "firebase deploy --only functions",
    "logs": "firebase functions:log"
  },
  "engines": {
    "node": "16"
  },
  "main": "index.js",
  "dependencies": {
    "firebase-admin": "^11.5.0",
    "firebase-functions": "^4.2.0"
  },
  "devDependencies": {
    "firebase-functions-test": "^3.0.0"
  },
  "private": true
}
[debug] [2023-04-09T20:14:38.170Z] Building nodejs source
[debug] [2023-04-09T20:14:38.170Z] Failed to find version of module node: reached end of search path /Users/https.lozarp/Desktop/Mobile Application Development /2Eat/functions/node_modules
[warn] ⚠  functions: Your requested "node" version "16" doesn't match your global version "18". Using node@18 from host. 
[debug] [2023-04-09T20:14:38.172Z] Could not find functions.yaml. Must use http discovery
[debug] [2023-04-09T20:14:38.176Z] Found firebase-functions binary at '/Users/https.lozarp/Desktop/Mobile Application Development /2Eat/functions/node_modules/.bin/firebase-functions'
[debug] [2023-04-09T20:14:38.259Z] Serving at port 8390

[debug] [2023-04-09T20:14:38.336Z] Got response from /__/functions.yaml {"endpoints":{},"specVersion":"v1alpha1","requiredAPIs":[]}
[debug] [2023-04-09T20:14:38.338Z] shutdown requested via /__/quitquitquit

[info] ✔  functions: Loaded functions definitions from source: . {"metadata":{"emulator":{"name":"functions"},"message":"Loaded functions definitions from source: ."}}
[info] 
┌─────────────────────────────────────────────────────────────┐
│ ✔  All emulators ready! It is now safe to connect your app. │
│ i  View Emulator UI at http://127.0.0.1:4000/               │
└─────────────────────────────────────────────────────────────┘

┌───────────┬────────────────┬─────────────────────────────────┐
│ Emulator  │ Host:Port      │ View in Emulator UI             │
├───────────┼────────────────┼─────────────────────────────────┤
│ Functions │ 127.0.0.1:5001 │ http://127.0.0.1:4000/functions │
└───────────┴────────────────┴─────────────────────────────────┘
  Emulator Hub running at 127.0.0.1:4400
  Other reserved ports: 4500

Issues? Report them at https://github.com/firebase/firebase-tools/issues and attach the *-debug.log files.
 
[debug] [2023-04-09T20:15:42.237Z] File /Users/https.lozarp/Desktop/Mobile Application Development /2Eat/functions/index.js changed, reloading triggers {"metadata":{"emulator":{"name":"functions"},"message":"File /Users/https.lozarp/Desktop/Mobile Application Development /2Eat/functions/index.js changed, reloading triggers"}}
[debug] [2023-04-09T20:15:43.239Z] Validating nodejs source
[debug] [2023-04-09T20:15:43.790Z] > [functions] package.json contents: {
  "name": "functions",
  "description": "Cloud Functions for Firebase",
  "scripts": {
    "serve": "firebase emulators:start --only functions",
    "shell": "firebase functions:shell",
    "start": "npm run shell",
    "deploy": "firebase deploy --only functions",
    "logs": "firebase functions:log"
  },
  "engines": {
    "node": "16"
  },
  "main": "index.js",
  "dependencies": {
    "firebase-admin": "^11.5.0",
    "firebase-functions": "^4.2.0"
  },
  "devDependencies": {
    "firebase-functions-test": "^3.0.0"
  },
  "private": true
}
[debug] [2023-04-09T20:15:43.790Z] Building nodejs source
[debug] [2023-04-09T20:15:43.790Z] Failed to find version of module node: reached end of search path /Users/https.lozarp/Desktop/Mobile Application Development /2Eat/functions/node_modules
[warn] ⚠  functions: Your requested "node" version "16" doesn't match your global version "18". Using node@18 from host. 
[debug] [2023-04-09T20:15:43.791Z] Could not find functions.yaml. Must use http discovery
[debug] [2023-04-09T20:15:43.792Z] Found firebase-functions binary at '/Users/https.lozarp/Desktop/Mobile Application Development /2Eat/functions/node_modules/.bin/firebase-functions'
[debug] [2023-04-09T20:15:43.895Z] Serving at port 8636

[debug] [2023-04-09T20:15:44.002Z] Got response from /__/functions.yaml {"endpoints":{"helloWorld":{"platform":"gcfv1","availableMemoryMb":null,"timeoutSeconds":null,"minInstances":null,"maxInstances":null,"ingressSettings":null,"serviceAccountEmail":null,"vpc":null,"httpsTrigger":{},"entryPoint":"helloWorld"}},"specVersion":"v1alpha1","requiredAPIs":[]}
[debug] [2023-04-09T20:15:44.005Z] shutdown requested via /__/quitquitquit

[info] ✔  functions: Loaded functions definitions from source: helloWorld. {"metadata":{"emulator":{"name":"functions"},"message":"Loaded functions definitions from source: helloWorld."}}
[info] ✔  functions[us-central1-helloWorld]: http function initialized (http://127.0.0.1:5001/eat-bfbed/us-central1/helloWorld). {"metadata":{"emulator":{"name":"functions"},"message":"\u001b[1mhttp\u001b[22m function initialized (http://127.0.0.1:5001/eat-bfbed/us-central1/helloWorld)."}}
